<?xml version="1.0" encoding="utf-8"?>
<TestRun id="2794d355-4679-4da0-aea2-bf4b38639cdb" name="tfliteautomation@TestAutomation 2021-05-18 15:02:37" runUser="TestAutomation\tfliteautomation" xmlns="http://microsoft.com/schemas/VisualStudio/TeamTest/2010">
  <Times creation="2021-05-18T15:02:37.7747167+00:00" queuing="2021-05-18T15:02:37.7747167+00:00" start="2021-05-18T15:01:05.1311789+00:00" finish="2021-05-18T15:09:22.0758495+00:00" />
  <TestSettings name="default" id="2f6cd404-33a6-4e71-acca-b0b791f8d21b">
    <Deployment runDeploymentRoot="tfliteautomation_TestAutomation_2021-05-18_15_02_37" />
  </TestSettings>
  <Results>
    <UnitTestResult executionId="f3a9b6ab-3f8a-451e-9376-0e15a86039d5" testId="e0292914-21b5-e6b5-8e04-61bd2be6b061" testName="EvtProdu CreateQuickFreight-Validatefields" computerName="TestAutomation" duration="00:01:14.2927044" startTime="2021-05-18T15:03:38.3552589+00:00" endTime="2021-05-18T15:04:52.6479633+00:00" testType="13cdc9d9-ddb5-4fa4-a97d-d965ccfc6d4b" outcome="Passed" testListId="8c84fa94-04c1-424b-9868-57a2d4851a1d" relativeResultsDirectory="f3a9b6ab-3f8a-451e-9376-0e15a86039d5" />
    <UnitTestResult executionId="496ecc6f-9b01-4672-9729-e2319cb85601" testId="2b27a5a1-33e6-1f03-3836-36ad3f4bfae6" testName="EvtProdu dashboard screen validation" computerName="TestAutomation" duration="00:01:00.5705366" startTime="2021-05-18T15:02:37.7747167+00:00" endTime="2021-05-18T15:03:38.3452533+00:00" testType="13cdc9d9-ddb5-4fa4-a97d-d965ccfc6d4b" outcome="Passed" testListId="8c84fa94-04c1-424b-9868-57a2d4851a1d" relativeResultsDirectory="496ecc6f-9b01-4672-9729-e2319cb85601" />
    <UnitTestResult executionId="de8950ed-1a1c-4584-bfb2-f7752a57e5e9" testId="5284399a-07f0-a6c4-7122-839eb18cc65a" testName="Evtprodu anchorage freight search " computerName="TestAutomation" duration="00:01:26.6583525" startTime="2021-05-18T15:01:11.0962797+00:00" endTime="2021-05-18T15:02:37.7546322+00:00" testType="13cdc9d9-ddb5-4fa4-a97d-d965ccfc6d4b" outcome="Passed" testListId="8c84fa94-04c1-424b-9868-57a2d4851a1d" relativeResultsDirectory="de8950ed-1a1c-4584-bfb2-f7752a57e5e9">
      <ResultFiles>
        <ResultFile path="TestAutomation\Evtprodu anchorage freight search _log@TestAutomation_2021-05-18 15_01_11.mht" />
      </ResultFiles>
    </UnitTestResult>
    <UnitTestResult executionId="b844ad1c-7e9c-4c92-9430-0ce687053582" testId="c401e9a7-0054-9124-63c2-3f420bf6a953" testName="EvtProdu Assign tag to scheduled booking flight" computerName="TestAutomation" duration="00:01:18.9695937" startTime="2021-05-18T15:08:00.6487237+00:00" endTime="2021-05-18T15:09:19.6183174+00:00" testType="13cdc9d9-ddb5-4fa4-a97d-d965ccfc6d4b" outcome="Passed" testListId="8c84fa94-04c1-424b-9868-57a2d4851a1d" relativeResultsDirectory="b844ad1c-7e9c-4c92-9430-0ce687053582" />
    <UnitTestResult executionId="d174e156-d362-49a1-b5ef-642014c5b908" testId="9f078b64-0efd-029d-56ed-83a553777bdb" testName="EvtProdu Tag flight should throw error when no tags available" computerName="TestAutomation" duration="00:02:04.7006989" startTime="2021-05-18T15:04:52.6479633+00:00" endTime="2021-05-18T15:06:57.3486622+00:00" testType="13cdc9d9-ddb5-4fa4-a97d-d965ccfc6d4b" outcome="Failed" testListId="8c84fa94-04c1-424b-9868-57a2d4851a1d" relativeResultsDirectory="d174e156-d362-49a1-b5ef-642014c5b908">
      <Output>
        <ErrorInfo>
          <Message>Unable to verify a value with the property checkpoint, because the target object does not exist.</Message>
        </ErrorInfo>
      </Output>
      <ResultFiles>
        <ResultFile path="TestAutomation\EvtProdu Tag flight should throw error when no tags available_log@TestAutomation_2021-05-18 15_04_52.mht" />
      </ResultFiles>
    </UnitTestResult>
    <UnitTestResult executionId="685db3a9-db51-4e6f-98e5-d351e1090b1b" testId="adee49a2-c918-0bf7-1b6e-732b331fee50" testName="EvtProdu CreateNew Tags" computerName="TestAutomation" duration="00:01:03.2800603" startTime="2021-05-18T15:06:57.3486622+00:00" endTime="2021-05-18T15:08:00.6287225+00:00" testType="13cdc9d9-ddb5-4fa4-a97d-d965ccfc6d4b" outcome="Passed" testListId="8c84fa94-04c1-424b-9868-57a2d4851a1d" relativeResultsDirectory="685db3a9-db51-4e6f-98e5-d351e1090b1b" />
  </Results>
  <TestDefinitions>
    <UnitTest name="Evtprodu anchorage freight search " storage="c:\agent\_work\r6\a\testscriptsopsmanager\takeflitebdd.pjs" id="5284399a-07f0-a6c4-7122-839eb18cc65a">
      <Execution id="de8950ed-1a1c-4584-bfb2-f7752a57e5e9" />
      <TestMethod codeBase="C:\agent\_work\r6\a\testScriptsOpsManager\TakeFliteBDD.pjs" adapterTypeName="executor://tctestexecutor/v2" className="TakeFliteBDD" name="testitem:takeflitebdd\evtprodu anchorage freight search " />
    </UnitTest>
    <UnitTest name="EvtProdu CreateQuickFreight-Validatefields" storage="c:\agent\_work\r6\a\testscriptsopsmanager\takeflitebdd.pjs" id="e0292914-21b5-e6b5-8e04-61bd2be6b061">
      <Execution id="f3a9b6ab-3f8a-451e-9376-0e15a86039d5" />
      <TestMethod codeBase="C:\agent\_work\r6\a\testScriptsOpsManager\TakeFliteBDD.pjs" adapterTypeName="executor://tctestexecutor/v2" className="TakeFliteBDD" name="testitem:takeflitebdd\evtprodu createquickfreight-validatefields" />
    </UnitTest>
    <UnitTest name="EvtProdu dashboard screen validation" storage="c:\agent\_work\r6\a\testscriptsopsmanager\takeflitebdd.pjs" id="2b27a5a1-33e6-1f03-3836-36ad3f4bfae6">
      <Execution id="496ecc6f-9b01-4672-9729-e2319cb85601" />
      <TestMethod codeBase="C:\agent\_work\r6\a\testScriptsOpsManager\TakeFliteBDD.pjs" adapterTypeName="executor://tctestexecutor/v2" className="TakeFliteBDD" name="testitem:takeflitebdd\evtprodu dashboard screen validation" />
    </UnitTest>
    <UnitTest name="EvtProdu Assign tag to scheduled booking flight" storage="c:\agent\_work\r6\a\testscriptsopsmanager\takeflitebdd.pjs" id="c401e9a7-0054-9124-63c2-3f420bf6a953">
      <Execution id="b844ad1c-7e9c-4c92-9430-0ce687053582" />
      <TestMethod codeBase="C:\agent\_work\r6\a\testScriptsOpsManager\TakeFliteBDD.pjs" adapterTypeName="executor://tctestexecutor/v2" className="TakeFliteBDD" name="testitem:takeflitebdd\evtprodu assign tag to scheduled booking flight" />
    </UnitTest>
    <UnitTest name="EvtProdu Tag flight should throw error when no tags available" storage="c:\agent\_work\r6\a\testscriptsopsmanager\takeflitebdd.pjs" id="9f078b64-0efd-029d-56ed-83a553777bdb">
      <Execution id="d174e156-d362-49a1-b5ef-642014c5b908" />
      <TestMethod codeBase="C:\agent\_work\r6\a\testScriptsOpsManager\TakeFliteBDD.pjs" adapterTypeName="executor://tctestexecutor/v2" className="TakeFliteBDD" name="testitem:takeflitebdd\evtprodu tag flight should throw error when no tags available" />
    </UnitTest>
    <UnitTest name="EvtProdu CreateNew Tags" storage="c:\agent\_work\r6\a\testscriptsopsmanager\takeflitebdd.pjs" id="adee49a2-c918-0bf7-1b6e-732b331fee50">
      <Execution id="685db3a9-db51-4e6f-98e5-d351e1090b1b" />
      <TestMethod codeBase="C:\agent\_work\r6\a\testScriptsOpsManager\TakeFliteBDD.pjs" adapterTypeName="executor://tctestexecutor/v2" className="TakeFliteBDD" name="testitem:takeflitebdd\evtprodu createnew tags" />
    </UnitTest>
  </TestDefinitions>
  <TestEntries>
    <TestEntry testId="e0292914-21b5-e6b5-8e04-61bd2be6b061" executionId="f3a9b6ab-3f8a-451e-9376-0e15a86039d5" testListId="8c84fa94-04c1-424b-9868-57a2d4851a1d" />
    <TestEntry testId="2b27a5a1-33e6-1f03-3836-36ad3f4bfae6" executionId="496ecc6f-9b01-4672-9729-e2319cb85601" testListId="8c84fa94-04c1-424b-9868-57a2d4851a1d" />
    <TestEntry testId="5284399a-07f0-a6c4-7122-839eb18cc65a" executionId="de8950ed-1a1c-4584-bfb2-f7752a57e5e9" testListId="8c84fa94-04c1-424b-9868-57a2d4851a1d" />
    <TestEntry testId="c401e9a7-0054-9124-63c2-3f420bf6a953" executionId="b844ad1c-7e9c-4c92-9430-0ce687053582" testListId="8c84fa94-04c1-424b-9868-57a2d4851a1d" />
    <TestEntry testId="9f078b64-0efd-029d-56ed-83a553777bdb" executionId="d174e156-d362-49a1-b5ef-642014c5b908" testListId="8c84fa94-04c1-424b-9868-57a2d4851a1d" />
    <TestEntry testId="adee49a2-c918-0bf7-1b6e-732b331fee50" executionId="685db3a9-db51-4e6f-98e5-d351e1090b1b" testListId="8c84fa94-04c1-424b-9868-57a2d4851a1d" />
  </TestEntries>
  <TestLists>
    <TestList name="Results Not in a List" id="8c84fa94-04c1-424b-9868-57a2d4851a1d" />
    <TestList name="All Loaded Results" id="19431567-8539-422a-85d7-44ee4e166bda" />
  </TestLists>
  <ResultSummary outcome="Failed">
    <Counters total="6" executed="6" passed="5" failed="1" error="0" timeout="0" aborted="0" inconclusive="0" passedButRunAborted="0" notRunnable="0" notExecuted="0" disconnected="0" warning="0" completed="0" inProgress="0" pending="0" />
    <Output>
      <StdOut>The following test cases were skipped because they do not match the specified filter: LoginScenarios, LoginScreen, OpsManagerDashboard, SelectFlight Validate screenshot for default fields, SelectFlight-ValidateAllAirports, SelectFlight Validate screenshot for return way, SelectFlight Validate screenshot for freightonly, SelectFlight Validate screenshot for return way and freightonly selection, SelectFlight-Popwindow when no flight selected, SelectFlight- Search should show blenheim to wellington only results, SelectFlight- Search should show blenheim to wellington and  return way results, SelectFlight-Search results should be cleared on options change, FindBooking - User should be search bookings for a specific transaction, FindBooking - see all default filter options, FindBooking - Searchbooking for a one month, FindBooking- Search with more filters, FindBooking- Search booking by name, FindBooking - See all default booking filter options, CreateScheduleBookingCash, CreateScheduleBookingCCPayment - SuccessScenario, CreateScheduleBookingCCPayment - UnsuccessfulScenario, create quick freight complete booking, view quick freight booking, create quick freight, create quick freight mandatory office selection, validate add freight mandatory fields, Validate add freight window fields, search by freights by agent, freights from kotlik to emmonak, Search all freights from Kotlik, DashboardScreenValidation, create new tags, assign tag to scheduled booking flight_1&#xD;
Starting the Evtprodu anchorage freight search  test...&#xD;
Starting the EvtProdu dashboard screen validation test...&#xD;
Starting the EvtProdu CreateQuickFreight-Validatefields test...&#xD;
Starting the EvtProdu Tag flight should throw error when no tags available test...&#xD;
Starting the EvtProdu CreateNew Tags test...&#xD;
Starting the EvtProdu Assign tag to scheduled booking flight test...&#xD;
</StdOut>
    </Output>
  </ResultSummary>
</TestRun>